#
# A fatal error has been detected by the Java Runtime Environment:
#
#  SIGSEGV (0xb) at pc=0x0000000102fe186a, pid=1578, tid=0x0000000000005203
#
# JRE version: Java(TM) SE Runtime Environment (8.0_151-b12) (build 1.8.0_151-b12)
# Java VM: Java HotSpot(TM) 64-Bit Server VM (25.151-b12 mixed mode bsd-amd64 compressed oops)
# Problematic frame:
# V  [libjvm.dylib+0x1e186a]  ConstantPool::klass_name_at(int)+0x18
#
# Failed to write core dump. Core dumps have been disabled. To enable core dumping, try "ulimit -c unlimited" before starting Java again
#
# If you would like to submit a bug report, please visit:
#   http://bugreport.java.com/bugreport/crash.jsp
#

---------------  T H R E A D  ---------------

Current thread (0x00007f89c6827000):  VMThread [stack: 0x000070000d048000,0x000070000d148000] [id=20995]

siginfo: si_signo: 11 (SIGSEGV), si_code: 1 (SEGV_MAPERR), si_addr: 0x0000000000000014

Registers:
RAX=0x0000000000000004, RBX=0x00000000000000bb, RCX=0x0000000000000511, RDX=0x00000000000000bb
RSP=0x000070000d1476c0, RBP=0x000070000d1476c0, RSI=0x000000000000003c, RDI=0x000000011c2f2c78
R8 =0x0000000000000001, R9 =0x0000000000010001, R10=0x0000000000000001, R11=0x00007f89c71bab50
R12=0x000000011d1dee20, R13=0x0000000000000000, R14=0x000000000000003c, R15=0x000000000000002f
RIP=0x0000000102fe186a, EFLAGS=0x0000000000010246, ERR=0x0000000000000004
  TRAPNO=0x000000000000000e

Top of Stack: (sp=0x000070000d1476c0)
0x000070000d1476c0:   000070000d147790 0000000103252b1e
0x000070000d1476d0:   0000000000000000 0000000105031020
0x000070000d1476e0:   000070000d147710 00000001032d97bb
0x000070000d1476f0:   000070000d147748 000000011d1df980
0x000070000d147700:   000070000d147730 0000000102edfa4d
0x000070000d147710:   000000011d1df980 000070000d1477c8
0x000070000d147720:   000070000d1477f8 00000000000000bb
0x000070000d147730:   000070000d147760 0000000102edfabe
0x000070000d147740:   000000011d1df980 000000011d1df980
0x000070000d147750:   00007f89c6827000 000070000d1477c8
0x000070000d147760:   000070000d147790 000070000d1477c8
0x000070000d147770:   000000011d1dee20 0000000000000000
0x000070000d147780:   000070000d1477f8 00000000000000bb
0x000070000d147790:   000070000d147870 0000000103253b1f
0x000070000d1477a0:   0000000105d0763c 0000000103070060
0x000070000d1477b0:   0000000105d074e2 000000000001ffff
0x000070000d1477c0:   0000000105d07500 0000000105d07500
0x000070000d1477d0:   000000011d1df980 00007f89c6827000
0x000070000d1477e0:   0000000300000000 000000bb0000000a
0x000070000d1477f0:   000000bb0d140000 00000001030a043d
0x000070000d147800:   000000011d1dee20 00007f89c6827000
0x000070000d147810:   0000000300000000 000000bb0000000a
0x000070000d147820:   000000bb0d140000 000000011d1dee20
0x000070000d147830:   00007f89c6827000 000000011d1df980
0x000070000d147840:   00007f89c6827000 000000011d1df980
0x000070000d147850:   000000011d1dee20 0000000000000000
0x000070000d147860:   0000000000000003 0000000000000004
0x000070000d147870:   000070000d147940 000000010319ea9c
0x000070000d147880:   0000fffe000302e8 000070000d1479f0
0x000070000d147890:   0000ffff00000000 000070000d1479ec
0x000070000d1478a0:   0000000000000000 0000000000000000
0x000070000d1478b0:   00000007c0339028 000070000d553960 

Instructions: (pc=0x0000000102fe186a)
0x0000000102fe184a:   44 c7 50 c1 e8 10 5d c3 55 48 89 e5 48 63 c6 48
0x0000000102fe185a:   8b 44 c7 50 48 89 45 f8 48 8b 45 f8 a8 01 75 06
0x0000000102fe186a:   48 8b 40 10 5d c3 48 83 e0 fe 5d c3 55 48 89 e5
0x0000000102fe187a:   48 63 c2 48 8b 44 c7 50 48 89 45 f8 48 8b 45 f8 

Register to memory mapping:

RAX=0x0000000000000004 is an unknown value
RBX=0x00000000000000bb is an unknown value
RCX=0x0000000000000511 is an unknown value
RDX=0x00000000000000bb is an unknown value
RSP=0x000070000d1476c0 is an unknown value
RBP=0x000070000d1476c0 is an unknown value
RSI=0x000000000000003c is an unknown value
RDI=0x000000011c2f2c78 is pointing into metadata
R8 =0x0000000000000001 is an unknown value
R9 =0x0000000000010001 is an unknown value
R10=0x0000000000000001 is an unknown value
R11=0x00007f89c71bab50 is an unknown value
R12={method} {0x000000011d1dee20} 'imageUplaod' '(Lcom/pm/model/Product;Lorg/springframework/ui/Model;)Lcom/pm/model/Product;' in 'com/pm/controller/Test'
R13=0x0000000000000000 is an unknown value
R14=0x000000000000003c is an unknown value
R15=0x000000000000002f is an unknown value


Stack: [0x000070000d048000,0x000070000d148000],  sp=0x000070000d1476c0,  free space=1021k
Native frames: (J=compiled Java code, j=interpreted, Vv=VM code, C=native code)
V  [libjvm.dylib+0x1e186a]  ConstantPool::klass_name_at(int)+0x18
V  [libjvm.dylib+0x452b1e]  MethodComparator::args_same(Bytecodes::Code, Bytecodes::Code)+0x90
V  [libjvm.dylib+0x453b1f]  MethodComparator::methods_EMCP(Method*, Method*)+0x251
V  [libjvm.dylib+0x39ea9c]  VM_RedefineClasses::check_methods_and_mark_as_obsolete(BitMap*, int*)+0xae
V  [libjvm.dylib+0x39f033]  VM_RedefineClasses::redefine_single_class(_jclass*, Klass*, Thread*)+0x18b
V  [libjvm.dylib+0x39d372]  VM_RedefineClasses::doit()+0x110
V  [libjvm.dylib+0x5b9b29]  VM_Operation::evaluate()+0x4f
V  [libjvm.dylib+0x5b8195]  VMThread::evaluate_operation(VM_Operation*)+0xdf
V  [libjvm.dylib+0x5b85e2]  VMThread::loop()+0x328
V  [libjvm.dylib+0x5b7f01]  VMThread::run()+0x79
V  [libjvm.dylib+0x48bbb2]  java_start(Thread*)+0xf6
C  [libsystem_pthread.dylib+0x3661]  _pthread_body+0x154
C  [libsystem_pthread.dylib+0x350d]  _pthread_body+0x0
C  [libsystem_pthread.dylib+0x2bf9]  thread_start+0xd

VM_Operation (0x000070000d553960): RedefineClasses, mode: safepoint, requested by thread 0x00007f89c7803000


---------------  P R O C E S S  ---------------

Java Threads: ( => current thread )
  0x00007f89c6842000 JavaThread "File Watcher" daemon [_thread_blocked, id=24355, stack(0x000070000e078000,0x000070000e178000)]
  0x00007f89c8045800 JavaThread "Thread-28" [_thread_blocked, id=24099, stack(0x000070000df75000,0x000070000e075000)]
  0x00007f89c74e7800 JavaThread "DestroyJavaVM" [_thread_blocked, id=10243, stack(0x000070000cb39000,0x000070000cc39000)]
  0x00007f89c7b3d800 JavaThread "Live Reload Server" daemon [_thread_in_native, id=23815, stack(0x000070000e68a000,0x000070000e78a000)]
  0x00007f89c6924000 JavaThread "RMI TCP Accept-0" daemon [_thread_in_native, id=21763, stack(0x000070000dd6f000,0x000070000de6f000)]
  0x00007f89c7172000 JavaThread "RMI TCP Accept-60370" daemon [_thread_in_native, id=16899, stack(0x000070000dc6c000,0x000070000dd6c000)]
  0x00007f89c716d000 JavaThread "RMI TCP Accept-0" daemon [_thread_in_native, id=16387, stack(0x000070000db69000,0x000070000dc69000)]
  0x00007f89c6820800 JavaThread "Service Thread" daemon [_thread_blocked, id=15875, stack(0x000070000da66000,0x000070000db66000)]
  0x00007f89c682a000 JavaThread "C1 CompilerThread2" daemon [_thread_blocked, id=15619, stack(0x000070000d963000,0x000070000da63000)]
  0x00007f89c7030800 JavaThread "C2 CompilerThread1" daemon [_thread_blocked, id=15363, stack(0x000070000d860000,0x000070000d960000)]
  0x00007f89c6815800 JavaThread "C2 CompilerThread0" daemon [_thread_blocked, id=17923, stack(0x000070000d75d000,0x000070000d85d000)]
  0x00007f89c8013800 JavaThread "JDWP Command Reader" daemon [_thread_in_native, id=14595, stack(0x000070000d65a000,0x000070000d75a000)]
  0x00007f89c702e800 JavaThread "JDWP Event Helper Thread" daemon [_thread_blocked, id=18435, stack(0x000070000d557000,0x000070000d657000)]
  0x00007f89c7803000 JavaThread "JDWP Transport Listener: dt_socket" daemon [_thread_blocked, id=14343, stack(0x000070000d454000,0x000070000d554000)]
  0x00007f89c800f000 JavaThread "Signal Dispatcher" daemon [_thread_blocked, id=13827, stack(0x000070000d351000,0x000070000d451000)]
  0x00007f89c7011000 JavaThread "Finalizer" daemon [_thread_blocked, id=11523, stack(0x000070000d24e000,0x000070000d34e000)]
  0x00007f89c700b000 JavaThread "Reference Handler" daemon [_thread_blocked, id=20739, stack(0x000070000d14b000,0x000070000d24b000)]

Other Threads:
=>0x00007f89c6827000 VMThread [stack: 0x000070000d048000,0x000070000d148000] [id=20995]
  0x00007f89c7174800 WatcherThread [stack: 0x000070000de72000,0x000070000df72000] [id=43011]

VM state:at safepoint (normal execution)

VM Mutex/Monitor currently owned by a thread:  ([mutex/lock_event])
[0x00007f89c65077f0] Threads_lock - owner thread: 0x00007f89c6827000

Heap:
 PSYoungGen      total 460800K, used 22987K [0x0000000795580000, 0x00000007b3380000, 0x00000007c0000000)
  eden space 456704K, 5% used [0x0000000795580000,0x0000000796bf2fc0,0x00000007b1380000)
  from space 4096K, 0% used [0x00000007b1380000,0x00000007b1380000,0x00000007b1780000)
  to   space 16384K, 0% used [0x00000007b2380000,0x00000007b2380000,0x00000007b3380000)
 ParOldGen       total 67584K, used 20967K [0x0000000740000000, 0x0000000744200000, 0x0000000795580000)
  object space 67584K, 31% used [0x0000000740000000,0x0000000741479e70,0x0000000744200000)
 Metaspace       used 42292K, capacity 44618K, committed 44800K, reserved 1087488K
  class space    used 5323K, capacity 5821K, committed 5888K, reserved 1048576K

Card table byte_map: [0x0000000104167000,0x0000000104568000] byte_map_base: 0x0000000100767000

Marking Bits: (ParMarkBitMap*) 0x00000001036f35d0
 Begin Bits: [0x0000000113feb000, 0x0000000115feb000)
 End Bits:   [0x0000000115feb000, 0x0000000117feb000)

Polling page: 0x00000001024d4000

CodeCache: size=245760Kb used=13399Kb max_used=13399Kb free=232360Kb
 bounds [0x0000000104feb000, 0x0000000105d0b000, 0x0000000113feb000]
 total_blobs=6709 nmethods=6237 adapters=391
 compilation: enabled

Compilation events (10 events):
Event: 8074.924 Thread 0x00007f89c682a000 6395   !   1       com.sun.proxy.$Proxy37::annotationType (29 bytes)
Event: 8074.924 Thread 0x00007f89c682a000 nmethod 6395 0x0000000105d064d0 code [0x0000000105d06660, 0x0000000105d06918]
Event: 8074.931 Thread 0x00007f89c682a000 6396       1       sun.nio.fs.UnixFileSystem::provider (5 bytes)
Event: 8074.931 Thread 0x00007f89c682a000 nmethod 6396 0x0000000105d06ad0 code [0x0000000105d06c20, 0x0000000105d06d30]
Event: 8074.939 Thread 0x00007f89c682a000 6397       1       java.util.Collections$UnmodifiableList::get (11 bytes)
Event: 8074.939 Thread 0x00007f89c682a000 nmethod 6397 0x0000000105d06d90 code [0x0000000105d06f00, 0x0000000105d07048]
Event: 8074.952 Thread 0x00007f89c682a000 6398       1       java.lang.StackTraceElement::getMethodName (5 bytes)
Event: 8074.952 Thread 0x00007f89c682a000 nmethod 6398 0x0000000105d070d0 code [0x0000000105d07220, 0x0000000105d07330]
Event: 8074.952 Thread 0x00007f89c682a000 6399       1       org.apache.logging.log4j.core.pattern.PlainTextRenderer::render (7 bytes)
Event: 8074.952 Thread 0x00007f89c682a000 nmethod 6399 0x0000000105d07390 code [0x0000000105d07500, 0x0000000105d07648]

GC Heap History (10 events):
Event: 6968.038 GC heap before
{Heap before GC invocations=20 (full 5):
 PSYoungGen      total 460800K, used 3753K [0x0000000795580000, 0x00000007b3580000, 0x00000007c0000000)
  eden space 456704K, 0% used [0x0000000795580000,0x0000000795580000,0x00000007b1380000)
  from space 4096K, 91% used [0x00000007b1380000,0x00000007b172a5f0,0x00000007b1780000)
  to   space 17408K, 0% used [0x00000007b2480000,0x00000007b2480000,0x00000007b3580000)
 ParOldGen       total 67584K, used 20736K [0x0000000740000000, 0x0000000744200000, 0x0000000795580000)
  object space 67584K, 30% used [0x0000000740000000,0x0000000741440058,0x0000000744200000)
 Metaspace       used 41785K, capacity 43536K, committed 43904K, reserved 1087488K
  class space    used 5249K, capacity 5649K, committed 5760K, reserved 1048576K
Event: 6968.268 GC heap after
Heap after GC invocations=20 (full 5):
 PSYoungGen      total 460800K, used 0K [0x0000000795580000, 0x00000007b3580000, 0x00000007c0000000)
  eden space 456704K, 0% used [0x0000000795580000,0x0000000795580000,0x00000007b1380000)
  from space 4096K, 0% used [0x00000007b1380000,0x00000007b1380000,0x00000007b1780000)
  to   space 17408K, 0% used [0x00000007b2480000,0x00000007b2480000,0x00000007b3580000)
 ParOldGen       total 67584K, used 20846K [0x0000000740000000, 0x0000000744200000, 0x0000000795580000)
  object space 67584K, 30% used [0x0000000740000000,0x000000074145b9e0,0x0000000744200000)
 Metaspace       used 41774K, capacity 43520K, committed 43904K, reserved 1087488K
  class space    used 5247K, capacity 5645K, committed 5760K, reserved 1048576K
}
Event: 7077.857 GC heap before
{Heap before GC invocations=21 (full 5):
 PSYoungGen      total 460800K, used 159943K [0x0000000795580000, 0x00000007b3580000, 0x00000007c0000000)
  eden space 456704K, 35% used [0x0000000795580000,0x000000079f1b1da0,0x00000007b1380000)
  from space 4096K, 0% used [0x00000007b1380000,0x00000007b1380000,0x00000007b1780000)
  to   space 17408K, 0% used [0x00000007b2480000,0x00000007b2480000,0x00000007b3580000)
 ParOldGen       total 67584K, used 20846K [0x0000000740000000, 0x0000000744200000, 0x0000000795580000)
  object space 67584K, 30% used [0x0000000740000000,0x000000074145b9e0,0x0000000744200000)
 Metaspace       used 41987K, capacity 43932K, committed 44160K, reserved 1087488K
  class space    used 5277K, capacity 5724K, committed 5760K, reserved 1048576K
Event: 7077.871 GC heap after
Heap after GC invocations=21 (full 5):
 PSYoungGen      total 473088K, used 3535K [0x0000000795580000, 0x00000007b3480000, 0x00000007c0000000)
  eden space 456704K, 0% used [0x0000000795580000,0x0000000795580000,0x00000007b1380000)
  from space 16384K, 21% used [0x00000007b2480000,0x00000007b27f3fc0,0x00000007b3480000)
  to   space 16896K, 0% used [0x00000007b1380000,0x00000007b1380000,0x00000007b2400000)
 ParOldGen       total 67584K, used 20854K [0x0000000740000000, 0x0000000744200000, 0x0000000795580000)
  object space 67584K, 30% used [0x0000000740000000,0x000000074145d9e0,0x0000000744200000)
 Metaspace       used 41987K, capacity 43932K, committed 44160K, reserved 1087488K
  class space    used 5277K, capacity 5724K, committed 5760K, reserved 1048576K
}
Event: 7077.871 GC heap before
{Heap before GC invocations=22 (full 6):
 PSYoungGen      total 473088K, used 3535K [0x0000000795580000, 0x00000007b3480000, 0x00000007c0000000)
  eden space 456704K, 0% used [0x0000000795580000,0x0000000795580000,0x00000007b1380000)
  from space 16384K, 21% used [0x00000007b2480000,0x00000007b27f3fc0,0x00000007b3480000)
  to   space 16896K, 0% used [0x00000007b1380000,0x00000007b1380000,0x00000007b2400000)
 ParOldGen       total 67584K, used 20854K [0x0000000740000000, 0x0000000744200000, 0x0000000795580000)
  object space 67584K, 30% used [0x0000000740000000,0x000000074145d9e0,0x0000000744200000)
 Metaspace       used 41987K, capacity 43932K, committed 44160K, reserved 1087488K
  class space    used 5277K, capacity 5724K, committed 5760K, reserved 1048576K
Event: 7077.981 GC heap after
Heap after GC invocations=22 (full 6):
 PSYoungGen      total 473088K, used 0K [0x0000000795580000, 0x00000007b3480000, 0x00000007c0000000)
  eden space 456704K, 0% used [0x0000000795580000,0x0000000795580000,0x00000007b1380000)
  from space 16384K, 0% used [0x00000007b2480000,0x00000007b2480000,0x00000007b3480000)
  to   space 16896K, 0% used [0x00000007b1380000,0x00000007b1380000,0x00000007b2400000)
 ParOldGen       total 67584K, used 20858K [0x0000000740000000, 0x0000000744200000, 0x0000000795580000)
  object space 67584K, 30% used [0x0000000740000000,0x000000074145e8d0,0x0000000744200000)
 Metaspace       used 41985K, capacity 43926K, committed 44160K, reserved 1087488K
  class space    used 5277K, capacity 5722K, committed 5760K, reserved 1048576K
}
Event: 8074.487 GC heap before
{Heap before GC invocations=23 (full 6):
 PSYoungGen      total 473088K, used 377638K [0x0000000795580000, 0x00000007b3480000, 0x00000007c0000000)
  eden space 456704K, 82% used [0x0000000795580000,0x00000007ac649bc8,0x00000007b1380000)
  from space 16384K, 0% used [0x00000007b2480000,0x00000007b2480000,0x00000007b3480000)
  to   space 16896K, 0% used [0x00000007b1380000,0x00000007b1380000,0x00000007b2400000)
 ParOldGen       total 67584K, used 20858K [0x0000000740000000, 0x0000000744200000, 0x0000000795580000)
  object space 67584K, 30% used [0x0000000740000000,0x000000074145e8d0,0x0000000744200000)
 Metaspace       used 42211K, capacity 44568K, committed 44800K, reserved 1087488K
  class space    used 5308K, capacity 5797K, committed 5888K, reserved 1048576K
Event: 8074.538 GC heap after
Heap after GC invocations=23 (full 6):
 PSYoungGen      total 460800K, used 3778K [0x0000000795580000, 0x00000007b3380000, 0x00000007c0000000)
  eden space 456704K, 0% used [0x0000000795580000,0x0000000795580000,0x00000007b1380000)
  from space 4096K, 92% used [0x00000007b1380000,0x00000007b1730a58,0x00000007b1780000)
  to   space 16384K, 0% used [0x00000007b2380000,0x00000007b2380000,0x00000007b3380000)
 ParOldGen       total 67584K, used 20866K [0x0000000740000000, 0x0000000744200000, 0x0000000795580000)
  object space 67584K, 30% used [0x0000000740000000,0x00000007414608d0,0x0000000744200000)
 Metaspace       used 42211K, capacity 44568K, committed 44800K, reserved 1087488K
  class space    used 5308K, capacity 5797K, committed 5888K, reserved 1048576K
}
Event: 8074.538 GC heap before
{Heap before GC invocations=24 (full 7):
 PSYoungGen      total 460800K, used 3778K [0x0000000795580000, 0x00000007b3380000, 0x00000007c0000000)
  eden space 456704K, 0% used [0x0000000795580000,0x0000000795580000,0x00000007b1380000)
  from space 4096K, 92% used [0x00000007b1380000,0x00000007b1730a58,0x00000007b1780000)
  to   space 16384K, 0% used [0x00000007b2380000,0x00000007b2380000,0x00000007b3380000)
 ParOldGen       total 67584K, used 20866K [0x0000000740000000, 0x0000000744200000, 0x0000000795580000)
  object space 67584K, 30% used [0x0000000740000000,0x00000007414608d0,0x0000000744200000)
 Metaspace       used 42211K, capacity 44568K, committed 44800K, reserved 1087488K
  class space    used 5308K, capacity 5797K, committed 5888K, reserved 1048576K
Event: 8074.684 GC heap after
Heap after GC invocations=24 (full 7):
 PSYoungGen      total 460800K, used 0K [0x0000000795580000, 0x00000007b3380000, 0x00000007c0000000)
  eden space 456704K, 0% used [0x0000000795580000,0x0000000795580000,0x00000007b1380000)
  from space 4096K, 0% used [0x00000007b1380000,0x00000007b1380000,0x00000007b1780000)
  to   space 16384K, 0% used [0x00000007b2380000,0x00000007b2380000,0x00000007b3380000)
 ParOldGen       total 67584K, used 20967K [0x0000000740000000, 0x0000000744200000, 0x0000000795580000)
  object space 67584K, 31% used [0x0000000740000000,0x0000000741479e70,0x0000000744200000)
 Metaspace       used 42177K, capacity 44516K, committed 44800K, reserved 1087488K
  class space    used 5303K, capacity 5787K, committed 5888K, reserved 1048576K
}

Deoptimization events (0 events):
No events

Internal exceptions (10 events):
Event: 8074.945 Thread 0x00007f89c784d800 Exception <a 'java/lang/ArrayIndexOutOfBoundsException'> (0x0000000795fd67f8) thrown at [/Users/java_re/workspace/8-2-build-macosx-x86_64/jdk8u151/9699/hotspot/src/share/vm/runtime/sharedRuntime.cpp, line 605]
Event: 8074.945 Thread 0x00007f89c784d800 Exception <a 'java/lang/ArrayIndexOutOfBoundsException'> (0x0000000795fd8b68) thrown at [/Users/java_re/workspace/8-2-build-macosx-x86_64/jdk8u151/9699/hotspot/src/share/vm/runtime/sharedRuntime.cpp, line 605]
Event: 8074.945 Thread 0x00007f89c784d800 Exception <a 'java/lang/ArrayIndexOutOfBoundsException'> (0x0000000795fde7a0) thrown at [/Users/java_re/workspace/8-2-build-macosx-x86_64/jdk8u151/9699/hotspot/src/share/vm/runtime/sharedRuntime.cpp, line 605]
Event: 8074.945 Thread 0x00007f89c784d800 Exception <a 'java/lang/ArrayIndexOutOfBoundsException'> (0x0000000795fe04d0) thrown at [/Users/java_re/workspace/8-2-build-macosx-x86_64/jdk8u151/9699/hotspot/src/share/vm/runtime/sharedRuntime.cpp, line 605]
Event: 8074.945 Thread 0x00007f89c784d800 Exception <a 'java/lang/ArrayIndexOutOfBoundsException'> (0x0000000795fe2820) thrown at [/Users/java_re/workspace/8-2-build-macosx-x86_64/jdk8u151/9699/hotspot/src/share/vm/runtime/sharedRuntime.cpp, line 605]
Event: 8074.946 Thread 0x00007f89c784d800 Exception <a 'java/lang/ArrayIndexOutOfBoundsException'> (0x0000000795fea770) thrown at [/Users/java_re/workspace/8-2-build-macosx-x86_64/jdk8u151/9699/hotspot/src/share/vm/runtime/sharedRuntime.cpp, line 605]
Event: 8074.946 Thread 0x00007f89c784d800 Exception <a 'java/lang/ArrayIndexOutOfBoundsException'> (0x0000000795fed128) thrown at [/Users/java_re/workspace/8-2-build-macosx-x86_64/jdk8u151/9699/hotspot/src/share/vm/runtime/sharedRuntime.cpp, line 605]
Event: 8074.946 Thread 0x00007f89c784d800 Exception <a 'java/lang/ArrayIndexOutOfBoundsException'> (0x0000000795ff81e8) thrown at [/Users/java_re/workspace/8-2-build-macosx-x86_64/jdk8u151/9699/hotspot/src/share/vm/runtime/sharedRuntime.cpp, line 605]
Event: 8074.946 Thread 0x00007f89c784d800 Exception <a 'java/lang/ArrayIndexOutOfBoundsException'> (0x0000000796001228) thrown at [/Users/java_re/workspace/8-2-build-macosx-x86_64/jdk8u151/9699/hotspot/src/share/vm/runtime/sharedRuntime.cpp, line 605]
Event: 8074.954 Thread 0x00007f89c784d800 Exception <a 'java/lang/reflect/InvocationTargetException'> (0x00000007961d2c68) thrown at [/Users/java_re/workspace/8-2-build-macosx-x86_64/jdk8u151/9699/hotspot/src/share/vm/runtime/reflection.cpp, line 1092]

Events (10 events):
Event: 8074.954 loading class org/springframework/boot/devtools/autoconfigure/FileWatchingFailureHandler$Listener
Event: 8074.954 loading class org/springframework/boot/devtools/autoconfigure/FileWatchingFailureHandler$Listener done
Event: 8074.954 Thread 0x00007f89c8045800 DEOPT PACKING pc=0x00000001051d1411 sp=0x000070000e073480
Event: 8074.954 Thread 0x00007f89c8045800 DEOPT UNPACKING pc=0x0000000105032633 sp=0x000070000e0731f0 mode 1
Event: 8074.954 Thread 0x00007f89c8045800 DEOPT PACKING pc=0x00000001058968c4 sp=0x000070000e073500
Event: 8074.954 Thread 0x00007f89c8045800 DEOPT UNPACKING pc=0x0000000105032633 sp=0x000070000e073340 mode 1
Event: 8074.954 Thread 0x00007f89c8045800 DEOPT PACKING pc=0x000000010589680c sp=0x000070000e073690
Event: 8074.954 Thread 0x00007f89c8045800 DEOPT UNPACKING pc=0x0000000105032633 sp=0x000070000e0734d0 mode 1
Event: 8074.957 Thread 0x00007f89c6842000 Thread added: 0x00007f89c6842000
Event: 8097.264 Executing VM operation: RedefineClasses


Dynamic libraries:
0x00000000273ad000 	/System/Library/Frameworks/Cocoa.framework/Versions/A/Cocoa
0x00000000273ad000 	/System/Library/Frameworks/Security.framework/Versions/A/Security
0x00000000273ad000 	/System/Library/Frameworks/ApplicationServices.framework/Versions/A/ApplicationServices
0x00000000273ad000 	/usr/lib/libz.1.dylib
0x00000000273ad000 	/usr/lib/libSystem.B.dylib
0x00000000273ad000 	/usr/lib/libobjc.A.dylib
0x00000000273ad000 	/System/Library/Frameworks/CoreFoundation.framework/Versions/A/CoreFoundation
0x00000000273ad000 	/System/Library/Frameworks/Foundation.framework/Versions/C/Foundation
0x00000000273ad000 	/System/Library/Frameworks/AppKit.framework/Versions/C/AppKit
0x00000000273ad000 	/System/Library/Frameworks/CoreData.framework/Versions/A/CoreData
0x00000000273ad000 	/System/Library/PrivateFrameworks/RemoteViewServices.framework/Versions/A/RemoteViewServices
0x00000000273ad000 	/System/Library/PrivateFrameworks/UIFoundation.framework/Versions/A/UIFoundation
0x00000000273ad000 	/System/Library/PrivateFrameworks/DFRFoundation.framework/Versions/A/DFRFoundation
0x00000000273ad000 	/System/Library/Frameworks/Metal.framework/Versions/A/Metal
0x00000000273ad000 	/System/Library/PrivateFrameworks/DesktopServicesPriv.framework/Versions/A/DesktopServicesPriv
0x00000000273ad000 	/usr/lib/libenergytrace.dylib
0x00000000273ad000 	/System/Library/PrivateFrameworks/SkyLight.framework/Versions/A/SkyLight
0x00000000273ad000 	/System/Library/Frameworks/CoreGraphics.framework/Versions/A/CoreGraphics
0x00000000273ad000 	/usr/lib/libScreenReader.dylib
0x00000000273ad000 	/System/Library/Frameworks/Accelerate.framework/Versions/A/Accelerate
0x00000000273ad000 	/System/Library/Frameworks/IOSurface.framework/Versions/A/IOSurface
0x00000000273ad000 	/System/Library/Frameworks/AudioToolbox.framework/Versions/A/AudioToolbox
0x00000000273ad000 	/System/Library/Frameworks/AudioUnit.framework/Versions/A/AudioUnit
0x00000000273ad000 	/System/Library/PrivateFrameworks/DataDetectorsCore.framework/Versions/A/DataDetectorsCore
0x00000000273ad000 	/System/Library/Frameworks/Carbon.framework/Versions/A/Frameworks/HIToolbox.framework/Versions/A/HIToolbox
0x00000000273ad000 	/usr/lib/libicucore.A.dylib
0x00000000273ad000 	/System/Library/Frameworks/QuartzCore.framework/Versions/A/QuartzCore
0x00000000273ad000 	/System/Library/PrivateFrameworks/SignpostNotification.framework/Versions/A/SignpostNotification
0x00000000273ad000 	/System/Library/Frameworks/Carbon.framework/Versions/A/Frameworks/SpeechRecognition.framework/Versions/A/SpeechRecognition
0x00000000273ad000 	/usr/lib/libauto.dylib
0x00000000273ad000 	/usr/lib/libxml2.2.dylib
0x00000000273ad000 	/System/Library/PrivateFrameworks/CoreUI.framework/Versions/A/CoreUI
0x00000000273ad000 	/System/Library/Frameworks/CoreAudio.framework/Versions/A/CoreAudio
0x00000000273ad000 	/System/Library/Frameworks/DiskArbitration.framework/Versions/A/DiskArbitration
0x00000000273ad000 	/usr/lib/liblangid.dylib
0x00000000273ad000 	/System/Library/PrivateFrameworks/MultitouchSupport.framework/Versions/A/MultitouchSupport
0x00000000273ad000 	/System/Library/Frameworks/IOKit.framework/Versions/A/IOKit
0x00000000273ad000 	/usr/lib/libDiagnosticMessagesClient.dylib
0x00000000273ad000 	/System/Library/Frameworks/CoreServices.framework/Versions/A/CoreServices
0x00000000273ad000 	/System/Library/PrivateFrameworks/PerformanceAnalysis.framework/Versions/A/PerformanceAnalysis
0x00000000273ad000 	/System/Library/Frameworks/OpenGL.framework/Versions/A/OpenGL
0x00000000273ad000 	/System/Library/Frameworks/ColorSync.framework/Versions/A/ColorSync
0x00000000273ad000 	/System/Library/Frameworks/CoreImage.framework/Versions/A/CoreImage
0x00000000273ad000 	/System/Library/Frameworks/CoreText.framework/Versions/A/CoreText
0x00000000273ad000 	/System/Library/Frameworks/ImageIO.framework/Versions/A/ImageIO
0x00000000273ad000 	/System/Library/PrivateFrameworks/Backup.framework/Versions/A/Backup
0x00000000273ad000 	/usr/lib/libarchive.2.dylib
0x00000000273ad000 	/System/Library/Frameworks/CFNetwork.framework/Versions/A/CFNetwork
0x00000000273ad000 	/System/Library/Frameworks/SystemConfiguration.framework/Versions/A/SystemConfiguration
0x00000000273ad000 	/usr/lib/libCRFSuite.dylib
0x00000000273ad000 	/usr/lib/libc++.1.dylib
0x00000000273ad000 	/usr/lib/libc++abi.dylib
0x00000000273ad000 	/usr/lib/system/libcache.dylib
0x00000000273ad000 	/usr/lib/system/libcommonCrypto.dylib
0x00000000273ad000 	/usr/lib/system/libcompiler_rt.dylib
0x00000000273ad000 	/usr/lib/system/libcopyfile.dylib
0x00000000273ad000 	/usr/lib/system/libcorecrypto.dylib
0x00000000273ad000 	/usr/lib/system/libdispatch.dylib
0x00000000273ad000 	/usr/lib/system/libdyld.dylib
0x00000000273ad000 	/usr/lib/system/libkeymgr.dylib
0x00000000273ad000 	/usr/lib/system/liblaunch.dylib
0x00000000273ad000 	/usr/lib/system/libmacho.dylib
0x00000000273ad000 	/usr/lib/system/libquarantine.dylib
0x00000000273ad000 	/usr/lib/system/libremovefile.dylib
0x00000000273ad000 	/usr/lib/system/libsystem_asl.dylib
0x00000000273ad000 	/usr/lib/system/libsystem_blocks.dylib
0x00000000273ad000 	/usr/lib/system/libsystem_c.dylib
0x00000000273ad000 	/usr/lib/system/libsystem_configuration.dylib
0x00000000273ad000 	/usr/lib/system/libsystem_coreservices.dylib
0x00000000273ad000 	/usr/lib/system/libsystem_darwin.dylib
0x00000000273ad000 	/usr/lib/system/libsystem_dnssd.dylib
0x00000000273ad000 	/usr/lib/system/libsystem_info.dylib
0x00000000273ad000 	/usr/lib/system/libsystem_m.dylib
0x00000000273ad000 	/usr/lib/system/libsystem_malloc.dylib
0x00000000273ad000 	/usr/lib/system/libsystem_network.dylib
0x00000000273ad000 	/usr/lib/system/libsystem_networkextension.dylib
0x00000000273ad000 	/usr/lib/system/libsystem_notify.dylib
0x00000000273ad000 	/usr/lib/system/libsystem_sandbox.dylib
0x00000000273ad000 	/usr/lib/system/libsystem_secinit.dylib
0x00000000273ad000 	/usr/lib/system/libsystem_kernel.dylib
0x00000000273ad000 	/usr/lib/system/libsystem_platform.dylib
0x00000000273ad000 	/usr/lib/system/libsystem_pthread.dylib
0x00000000273ad000 	/usr/lib/system/libsystem_symptoms.dylib
0x00000000273ad000 	/usr/lib/system/libsystem_trace.dylib
0x00000000273ad000 	/usr/lib/system/libunwind.dylib
0x00000000273ad000 	/usr/lib/system/libxpc.dylib
0x00000000273ad000 	/usr/lib/closure/libclosured.dylib
0x00000000273ad000 	/usr/lib/libbsm.0.dylib
0x00000000273ad000 	/usr/lib/system/libkxld.dylib
0x00000000273ad000 	/usr/lib/libOpenScriptingUtil.dylib
0x00000000273ad000 	/usr/lib/libcoretls.dylib
0x00000000273ad000 	/usr/lib/libcoretls_cfhelpers.dylib
0x00000000273ad000 	/usr/lib/libpam.2.dylib
0x00000000273ad000 	/usr/lib/libsqlite3.dylib
0x00000000273ad000 	/usr/lib/libxar.1.dylib
0x00000000273ad000 	/usr/lib/libbz2.1.0.dylib
0x00000000273ad000 	/usr/lib/liblzma.5.dylib
0x00000000273ad000 	/usr/lib/libnetwork.dylib
0x00000000273ad000 	/usr/lib/libapple_nghttp2.dylib
0x00000000273ad000 	/usr/lib/libpcap.A.dylib
0x00000000273ad000 	/usr/lib/libboringssl.dylib
0x00000000273ad000 	/usr/lib/libusrtcp.dylib
0x00000000273ad000 	/usr/lib/libapple_crypto.dylib
0x00000000273ad000 	/System/Library/Frameworks/CoreServices.framework/Versions/A/Frameworks/FSEvents.framework/Versions/A/FSEvents
0x00000000273ad000 	/System/Library/Frameworks/CoreServices.framework/Versions/A/Frameworks/CarbonCore.framework/Versions/A/CarbonCore
0x00000000273ad000 	/System/Library/Frameworks/CoreServices.framework/Versions/A/Frameworks/Metadata.framework/Versions/A/Metadata
0x00000000273ad000 	/System/Library/Frameworks/CoreServices.framework/Versions/A/Frameworks/OSServices.framework/Versions/A/OSServices
0x00000000273ad000 	/System/Library/Frameworks/CoreServices.framework/Versions/A/Frameworks/SearchKit.framework/Versions/A/SearchKit
0x00000000273ad000 	/System/Library/Frameworks/CoreServices.framework/Versions/A/Frameworks/AE.framework/Versions/A/AE
0x00000000273ad000 	/System/Library/Frameworks/CoreServices.framework/Versions/A/Frameworks/LaunchServices.framework/Versions/A/LaunchServices
0x00000000273ad000 	/System/Library/Frameworks/CoreServices.framework/Versions/A/Frameworks/DictionaryServices.framework/Versions/A/DictionaryServices
0x00000000273ad000 	/System/Library/Frameworks/CoreServices.framework/Versions/A/Frameworks/SharedFileList.framework/Versions/A/SharedFileList
0x00000000273ad000 	/System/Library/Frameworks/NetFS.framework/Versions/A/NetFS
0x00000000273ad000 	/System/Library/PrivateFrameworks/NetAuth.framework/Versions/A/NetAuth
0x00000000273ad000 	/System/Library/PrivateFrameworks/login.framework/Versions/A/Frameworks/loginsupport.framework/Versions/A/loginsupport
0x00000000273ad000 	/System/Library/PrivateFrameworks/TCC.framework/Versions/A/TCC
0x00000000273ad000 	/usr/lib/libmecabra.dylib
0x00000000273ad000 	/System/Library/Frameworks/ApplicationServices.framework/Versions/A/Frameworks/ATS.framework/Versions/A/ATS
0x00000000273ad000 	/System/Library/Frameworks/ApplicationServices.framework/Versions/A/Frameworks/ColorSyncLegacy.framework/Versions/A/ColorSyncLegacy
0x00000000273ad000 	/System/Library/Frameworks/ApplicationServices.framework/Versions/A/Frameworks/HIServices.framework/Versions/A/HIServices
0x00000000273ad000 	/System/Library/Frameworks/ApplicationServices.framework/Versions/A/Frameworks/LangAnalysis.framework/Versions/A/LangAnalysis
0x00000000273ad000 	/System/Library/Frameworks/ApplicationServices.framework/Versions/A/Frameworks/PrintCore.framework/Versions/A/PrintCore
0x00000000273ad000 	/System/Library/Frameworks/ApplicationServices.framework/Versions/A/Frameworks/QD.framework/Versions/A/QD
0x00000000273ad000 	/System/Library/Frameworks/ApplicationServices.framework/Versions/A/Frameworks/SpeechSynthesis.framework/Versions/A/SpeechSynthesis
0x00000000273ad000 	/System/Library/Frameworks/CoreDisplay.framework/Versions/A/CoreDisplay
0x00000000273ad000 	/System/Library/Frameworks/Accelerate.framework/Versions/A/Frameworks/vImage.framework/Versions/A/vImage
0x00000000273ad000 	/System/Library/Frameworks/Accelerate.framework/Versions/A/Frameworks/vecLib.framework/Versions/A/vecLib
0x00000000273ad000 	/System/Library/Frameworks/Accelerate.framework/Versions/A/Frameworks/vecLib.framework/Versions/A/libvDSP.dylib
0x00000000273ad000 	/System/Library/Frameworks/Accelerate.framework/Versions/A/Frameworks/vecLib.framework/Versions/A/libBNNS.dylib
0x00000000273ad000 	/System/Library/Frameworks/Accelerate.framework/Versions/A/Frameworks/vecLib.framework/Versions/A/libQuadrature.dylib
0x00000000273ad000 	/System/Library/Frameworks/Accelerate.framework/Versions/A/Frameworks/vecLib.framework/Versions/A/libvMisc.dylib
0x00000000273ad000 	/System/Library/Frameworks/Accelerate.framework/Versions/A/Frameworks/vecLib.framework/Versions/A/libLAPACK.dylib
0x00000000273ad000 	/System/Library/Frameworks/Accelerate.framework/Versions/A/Frameworks/vecLib.framework/Versions/A/libBLAS.dylib
0x00000000273ad000 	/System/Library/Frameworks/Accelerate.framework/Versions/A/Frameworks/vecLib.framework/Versions/A/libLinearAlgebra.dylib
0x00000000273ad000 	/System/Library/Frameworks/Accelerate.framework/Versions/A/Frameworks/vecLib.framework/Versions/A/libSparse.dylib
0x00000000273ad000 	/System/Library/Frameworks/Accelerate.framework/Versions/A/Frameworks/vecLib.framework/Versions/A/libSparseBLAS.dylib
0x00000000273ad000 	/System/Library/PrivateFrameworks/GPUWrangler.framework/Versions/A/GPUWrangler
0x00000000273ad000 	/System/Library/PrivateFrameworks/IOAccelerator.framework/Versions/A/IOAccelerator
0x00000000273ad000 	/System/Library/PrivateFrameworks/IOPresentment.framework/Versions/A/IOPresentment
0x00000000273ad000 	/System/Library/PrivateFrameworks/DSExternalDisplay.framework/Versions/A/DSExternalDisplay
0x00000000273ad000 	/System/Library/Frameworks/OpenGL.framework/Versions/A/Libraries/libCoreFSCache.dylib
0x00000000273ad000 	/System/Library/Frameworks/CoreVideo.framework/Versions/A/CoreVideo
0x00000000273ad000 	/System/Library/PrivateFrameworks/GraphVisualizer.framework/Versions/A/GraphVisualizer
0x00000000273ad000 	/System/Library/Frameworks/MetalPerformanceShaders.framework/Versions/A/MetalPerformanceShaders
0x00000000273ad000 	/usr/lib/libFosl_dynamic.dylib
0x00000000273ad000 	/System/Library/PrivateFrameworks/FaceCore.framework/Versions/A/FaceCore
0x00000000273ad000 	/System/Library/Frameworks/OpenCL.framework/Versions/A/OpenCL
0x00000000273ad000 	/usr/lib/libcompression.dylib
0x00000000273ad000 	/System/Library/Frameworks/ApplicationServices.framework/Versions/A/Frameworks/ATS.framework/Versions/A/Resources/libFontParser.dylib
0x00000000273ad000 	/System/Library/Frameworks/ApplicationServices.framework/Versions/A/Frameworks/ATS.framework/Versions/A/Resources/libFontRegistry.dylib
0x00000000273ad000 	/System/Library/Frameworks/ImageIO.framework/Versions/A/Resources/libJPEG.dylib
0x00000000273ad000 	/System/Library/Frameworks/ImageIO.framework/Versions/A/Resources/libTIFF.dylib
0x00000000273ad000 	/System/Library/Frameworks/ImageIO.framework/Versions/A/Resources/libPng.dylib
0x00000000273ad000 	/System/Library/Frameworks/ImageIO.framework/Versions/A/Resources/libGIF.dylib
0x00000000273ad000 	/System/Library/Frameworks/ImageIO.framework/Versions/A/Resources/libJP2.dylib
0x00000000273ad000 	/System/Library/Frameworks/ImageIO.framework/Versions/A/Resources/libRadiance.dylib
0x00000000273ad000 	/System/Library/PrivateFrameworks/AppleJPEG.framework/Versions/A/AppleJPEG
0x00000000273ad000 	/System/Library/Frameworks/MetalPerformanceShaders.framework/Frameworks/MPSCore.framework/Versions/A/MPSCore
0x00000000273ad000 	/System/Library/Frameworks/MetalPerformanceShaders.framework/Frameworks/MPSImage.framework/Versions/A/MPSImage
0x00000000273ad000 	/System/Library/Frameworks/MetalPerformanceShaders.framework/Frameworks/MPSNeuralNetwork.framework/Versions/A/MPSNeuralNetwork
0x00000000273ad000 	/System/Library/Frameworks/MetalPerformanceShaders.framework/Frameworks/MPSMatrix.framework/Versions/A/MPSMatrix
0x00000000273ad000 	/System/Library/PrivateFrameworks/MetalTools.framework/Versions/A/MetalTools
0x00000000273ad000 	/System/Library/Frameworks/OpenGL.framework/Versions/A/Libraries/libGLU.dylib
0x00000000273ad000 	/System/Library/Frameworks/OpenGL.framework/Versions/A/Libraries/libGFXShared.dylib
0x00000000273ad000 	/System/Library/Frameworks/OpenGL.framework/Versions/A/Libraries/libGL.dylib
0x00000000273ad000 	/System/Library/Frameworks/OpenGL.framework/Versions/A/Libraries/libGLImage.dylib
0x00000000273ad000 	/System/Library/Frameworks/OpenGL.framework/Versions/A/Libraries/libCVMSPluginSupport.dylib
0x00000000273ad000 	/System/Library/Frameworks/OpenGL.framework/Versions/A/Libraries/libCoreVMClient.dylib
0x00000000273ad000 	/usr/lib/libcups.2.dylib
0x00000000273ad000 	/System/Library/Frameworks/Kerberos.framework/Versions/A/Kerberos
0x00000000273ad000 	/System/Library/Frameworks/GSS.framework/Versions/A/GSS
0x00000000273ad000 	/usr/lib/libresolv.9.dylib
0x00000000273ad000 	/usr/lib/libiconv.2.dylib
0x00000000273ad000 	/System/Library/PrivateFrameworks/Heimdal.framework/Versions/A/Heimdal
0x00000000273ad000 	/usr/lib/libheimdal-asn1.dylib
0x00000000273ad000 	/System/Library/Frameworks/OpenDirectory.framework/Versions/A/OpenDirectory
0x00000000273ad000 	/System/Library/PrivateFrameworks/CommonAuth.framework/Versions/A/CommonAuth
0x00000000273ad000 	/System/Library/Frameworks/OpenDirectory.framework/Versions/A/Frameworks/CFOpenDirectory.framework/Versions/A/CFOpenDirectory
0x00000000273ad000 	/System/Library/Frameworks/SecurityFoundation.framework/Versions/A/SecurityFoundation
0x00000000273ad000 	/System/Library/PrivateFrameworks/APFS.framework/Versions/A/APFS
0x00000000273ad000 	/usr/lib/libutil.dylib
0x00000000273ad000 	/System/Library/PrivateFrameworks/AppleSauce.framework/Versions/A/AppleSauce
0x00000000273ad000 	/System/Library/PrivateFrameworks/LinguisticData.framework/Versions/A/LinguisticData
0x00000000273ad000 	/usr/lib/libmarisa.dylib
0x00000000273ad000 	/System/Library/PrivateFrameworks/Lexicon.framework/Versions/A/Lexicon
0x00000000273ad000 	/usr/lib/libChineseTokenizer.dylib
0x00000000273ad000 	/usr/lib/libcmph.dylib
0x00000000273ad000 	/System/Library/PrivateFrameworks/LanguageModeling.framework/Versions/A/LanguageModeling
0x00000000273ad000 	/System/Library/PrivateFrameworks/CoreEmoji.framework/Versions/A/CoreEmoji
0x00000000273ad000 	/System/Library/Frameworks/ServiceManagement.framework/Versions/A/ServiceManagement
0x00000000273ad000 	/System/Library/PrivateFrameworks/BackgroundTaskManagement.framework/Versions/A/BackgroundTaskManagement
0x00000000273ad000 	/usr/lib/libxslt.1.dylib
0x00000000273ad000 	/System/Library/Frameworks/Carbon.framework/Versions/A/Frameworks/Ink.framework/Versions/A/Ink
0x00000000273ad000 	/System/Library/PrivateFrameworks/TextureIO.framework/Versions/A/TextureIO
0x00000000273ad000 	/usr/lib/libate.dylib
0x00000000273ad000 	/System/Library/PrivateFrameworks/CrashReporterSupport.framework/Versions/A/CrashReporterSupport
0x00000000273ad000 	/System/Library/PrivateFrameworks/Sharing.framework/Versions/A/Sharing
0x00000000273ad000 	/System/Library/PrivateFrameworks/IconServices.framework/Versions/A/IconServices
0x00000000273ad000 	/System/Library/PrivateFrameworks/Apple80211.framework/Versions/A/Apple80211
0x00000000273ad000 	/System/Library/PrivateFrameworks/CoreUtils.framework/Versions/A/CoreUtils
0x00000000273ad000 	/System/Library/Frameworks/CoreWLAN.framework/Versions/A/CoreWLAN
0x00000000273ad000 	/System/Library/Frameworks/IOBluetooth.framework/Versions/A/IOBluetooth
0x00000000273ad000 	/System/Library/PrivateFrameworks/ProtocolBuffer.framework/Versions/A/ProtocolBuffer
0x00000000273ad000 	/System/Library/PrivateFrameworks/CoreWiFi.framework/Versions/A/CoreWiFi
0x00000000273ad000 	/System/Library/Frameworks/CoreBluetooth.framework/Versions/A/CoreBluetooth
0x00000000273ad000 	/System/Library/PrivateFrameworks/DebugSymbols.framework/Versions/A/DebugSymbols
0x00000000273ad000 	/System/Library/PrivateFrameworks/CoreSymbolication.framework/Versions/A/CoreSymbolication
0x00000000273ad000 	/System/Library/PrivateFrameworks/Symbolication.framework/Versions/A/Symbolication
0x00000000273ad000 	/System/Library/PrivateFrameworks/AppleFSCompression.framework/Versions/A/AppleFSCompression
0x00000000273ad000 	/System/Library/PrivateFrameworks/SpeechRecognitionCore.framework/Versions/A/SpeechRecognitionCore
0x0000000102e00000 	/Library/Java/JavaVirtualMachines/jdk1.8.0_151.jdk/Contents/Home/jre/lib/server/libjvm.dylib
0x00000000273ad000 	/usr/lib/libstdc++.6.0.9.dylib
0x0000000102491000 	/Library/Java/JavaVirtualMachines/jdk1.8.0_151.jdk/Contents/Home/jre/lib/libverify.dylib
0x000000010249f000 	/Library/Java/JavaVirtualMachines/jdk1.8.0_151.jdk/Contents/Home/jre/lib/libjava.dylib
0x00000001024d5000 	/Library/Java/JavaVirtualMachines/jdk1.8.0_151.jdk/Contents/Home/jre/lib/libjdwp.dylib
0x0000000102520000 	/Library/Java/JavaVirtualMachines/jdk1.8.0_151.jdk/Contents/Home/jre/lib/libnpt.dylib
0x000000010256d000 	/Library/Java/JavaVirtualMachines/jdk1.8.0_151.jdk/Contents/Home/jre/lib/libzip.dylib
0x00000000273ad000 	/System/Library/Frameworks/JavaVM.framework/Versions/A/Frameworks/JavaRuntimeSupport.framework/Versions/A/JavaRuntimeSupport
0x00000000273ad000 	/System/Library/Frameworks/JavaVM.framework/Versions/A/Frameworks/JavaNativeFoundation.framework/Versions/A/JavaNativeFoundation
0x00000000273ad000 	/System/Library/Frameworks/JavaVM.framework/Versions/A/JavaVM
0x00000000273ad000 	/System/Library/Frameworks/Carbon.framework/Versions/A/Carbon
0x00000000273ad000 	/System/Library/PrivateFrameworks/JavaLaunching.framework/Versions/A/JavaLaunching
0x00000000273ad000 	/System/Library/Frameworks/Carbon.framework/Versions/A/Frameworks/CommonPanels.framework/Versions/A/CommonPanels
0x00000000273ad000 	/System/Library/Frameworks/Carbon.framework/Versions/A/Frameworks/Help.framework/Versions/A/Help
0x00000000273ad000 	/System/Library/Frameworks/Carbon.framework/Versions/A/Frameworks/ImageCapture.framework/Versions/A/ImageCapture
0x00000000273ad000 	/System/Library/Frameworks/Carbon.framework/Versions/A/Frameworks/OpenScripting.framework/Versions/A/OpenScripting
0x00000000273ad000 	/System/Library/Frameworks/Carbon.framework/Versions/A/Frameworks/Print.framework/Versions/A/Print
0x00000000273ad000 	/System/Library/Frameworks/Carbon.framework/Versions/A/Frameworks/SecurityHI.framework/Versions/A/SecurityHI
0x00000001025ef000 	/Library/Java/JavaVirtualMachines/jdk1.8.0_151.jdk/Contents/Home/jre/lib/libdt_socket.dylib
0x0000000104f3a000 	/Library/Java/JavaVirtualMachines/jdk1.8.0_151.jdk/Contents/Home/jre/lib/libmanagement.dylib
0x000000011b10d000 	/Library/Java/JavaVirtualMachines/jdk1.8.0_151.jdk/Contents/Home/jre/lib/libnet.dylib
0x000000011b16c000 	/Library/Java/JavaVirtualMachines/jdk1.8.0_151.jdk/Contents/Home/jre/lib/libnio.dylib

VM Arguments:
jvm_args: -agentlib:jdwp=transport=dt_socket,suspend=y,address=localhost:60371 -Dcom.sun.management.jmxremote -Dcom.sun.management.jmxremote.port=60370 -Dcom.sun.management.jmxremote.authenticate=false -Dcom.sun.management.jmxremote.ssl=false -Djava.rmi.server.hostname=localhost -Dspring.liveBeansView.mbeanDomain -Dspring.application.admin.enabled=true -Djava.security.egd=file:/dev/./urandom -Xverify:none -XX:TieredStopAtLevel=1 -Dfile.encoding=UTF-8 
java_command: com.pm.ProductManagementApplication
java_class_path (initial): /Library/Java/JavaVirtualMachines/jdk1.8.0_151.jdk/Contents/Home/jre/lib/resources.jar:/Library/Java/JavaVirtualMachines/jdk1.8.0_151.jdk/Contents/Home/jre/lib/rt.jar:/Library/Java/JavaVirtualMachines/jdk1.8.0_151.jdk/Contents/Home/jre/lib/jsse.jar:/Library/Java/JavaVirtualMachines/jdk1.8.0_151.jdk/Contents/Home/jre/lib/jce.jar:/Library/Java/JavaVirtualMachines/jdk1.8.0_151.jdk/Contents/Home/jre/lib/charsets.jar:/Library/Java/JavaVirtualMachines/jdk1.8.0_151.jdk/Contents/Home/jre/lib/jfr.jar:/Library/Java/JavaVirtualMachines/jdk1.8.0_151.jdk/Contents/Home/jre/lib/ext/sunec.jar:/Library/Java/JavaVirtualMachines/jdk1.8.0_151.jdk/Contents/Home/jre/lib/ext/nashorn.jar:/Library/Java/JavaVirtualMachines/jdk1.8.0_151.jdk/Contents/Home/jre/lib/ext/cldrdata.jar:/Library/Java/JavaVirtualMachines/jdk1.8.0_151.jdk/Contents/Home/jre/lib/ext/jfxrt.jar:/Library/Java/JavaVirtualMachines/jdk1.8.0_151.jdk/Contents/Home/jre/lib/ext/dnsns.jar:/Library/Java/JavaVirtualMachines/jdk1.8.0_151.jdk/Contents/Home/jre/lib/ext/localedata.jar:/Library/Java/JavaVirtualMachines/jdk1.8.0_151.jdk/Contents/Home/jre/lib/ext/sunjce_provider.jar:/Library/Java/JavaVirtualMachines/jdk1.8.0_151.jdk/Contents/Home/jre/lib/ext/sunpkcs11.jar:/Library/Java/JavaVirtualMachines/jdk1.8.0_151.jdk/Contents/Home/jre/lib/ext/jaccess.jar:/Library/Java/JavaVirtualMachines/jdk1.8.0_151.jdk/Contents/Home/jre/lib/ext/zipfs.jar:/System/Library/Java/Extensions/MRJToolkit.jar:/Users/sheshadritalla/Documents/Study/Interview/ATT_wk/ProductManagementApplication/target/classes:/Users/sheshadritalla/.m2/repository/org/springframework/boot/spring-boot-starter/2.0.3.RELEASE/spring-boot-starter-2.0.3.RELEASE.jar:/Users/sheshadritalla/.m2/repository/org/springframework/boot/spring-boot/2.0.3.RELEASE/spring-boot-2.0.3.RELEASE.jar:/Users/sheshadritalla/.m2/repository/org/springframework/spring-context/5.0.7.RELEASE/spring-context-5.0.7.RELEASE.jar:/Users/sheshadritalla/.m2/repository/org/springframework/boot
Launcher Type: SUN_STANDARD

Environment Variables:
PATH=/usr/bin:/bin:/usr/sbin:/sbin
SHELL=/bin/bash
DISPLAY=/private/tmp/com.apple.launchd.a8YYLZweTU/org.macosforge.xquartz:0

Signal Handlers:
SIGSEGV: [libjvm.dylib+0x5b27a5], sa_mask[0]=11111111011111110111111111111111, sa_flags=SA_ONSTACK|SA_RESTART|SA_SIGINFO
SIGBUS: [libjvm.dylib+0x5b27a5], sa_mask[0]=11111111011111110111111111111111, sa_flags=SA_RESTART|SA_SIGINFO
SIGFPE: [libjvm.dylib+0x4891c4], sa_mask[0]=11111111011111110111111111111111, sa_flags=SA_RESTART|SA_SIGINFO
SIGPIPE: [libjvm.dylib+0x4891c4], sa_mask[0]=11111111011111110111111111111111, sa_flags=SA_RESTART|SA_SIGINFO
SIGXFSZ: [libjvm.dylib+0x4891c4], sa_mask[0]=11111111011111110111111111111111, sa_flags=SA_RESTART|SA_SIGINFO
SIGILL: [libjvm.dylib+0x4891c4], sa_mask[0]=11111111011111110111111111111111, sa_flags=SA_RESTART|SA_SIGINFO
SIGUSR1: SIG_DFL, sa_mask[0]=00000000000000000000000000000000, sa_flags=none
SIGUSR2: [libjvm.dylib+0x488ce2], sa_mask[0]=00100000000000000000000000000000, sa_flags=SA_RESTART|SA_SIGINFO
SIGHUP: [libjvm.dylib+0x4872b9], sa_mask[0]=11111111011111110111111111111111, sa_flags=SA_RESTART|SA_SIGINFO
SIGINT: [libjvm.dylib+0x4872b9], sa_mask[0]=11111111011111110111111111111111, sa_flags=SA_RESTART|SA_SIGINFO
SIGTERM: [libjvm.dylib+0x4872b9], sa_mask[0]=11111111011111110111111111111111, sa_flags=SA_RESTART|SA_SIGINFO
SIGQUIT: [libjvm.dylib+0x4872b9], sa_mask[0]=11111111011111110111111111111111, sa_flags=SA_RESTART|SA_SIGINFO


---------------  S Y S T E M  ---------------

OS:Bsduname:Darwin 17.6.0 Darwin Kernel Version 17.6.0: Tue May  8 15:22:16 PDT 2018; root:xnu-4570.61.1~1/RELEASE_X86_64 x86_64
rlimit: STACK 8192k, CORE 0k, NPROC 709, NOFILE 10240, AS infinity
load average:1.89 2.00 1.99

CPU:total 4 (initial active 4) (2 cores per cpu, 2 threads per core) family 6 model 142 stepping 9, cmov, cx8, fxsr, mmx, sse, sse2, sse3, ssse3, sse4.1, sse4.2, popcnt, avx, avx2, aes, clmul, erms, rtm, 3dnowpref, lzcnt, ht, tsc, tscinvbit, bmi1, bmi2, adx

Memory: 4k page, physical 8388608k(20632k free)

/proc/meminfo:


vm_info: Java HotSpot(TM) 64-Bit Server VM (25.151-b12) for bsd-amd64 JRE (1.8.0_151-b12), built on Sep  5 2017 19:37:08 by "java_re" with gcc 4.2.1 (Based on Apple Inc. build 5658) (LLVM build 2336.11.00)

time: Sat Jul 14 18:28:47 2018
elapsed time: 8097 seconds (0d 2h 14m 57s)

